20:28:47.723[TestNG-tests-1]DEBUGorg.apache.poi.openxml4j.opc.PackageRelationshipCollection-Parsing relationship: /_rels/.rels
20:28:47.874[TestNG-tests-1]DEBUGorg.apache.poi.openxml4j.opc.PackageRelationshipCollection-Parsing relationship: /xl/_rels/workbook.xml.rels
20:28:47.875[TestNG-tests-1]DEBUGorg.apache.poi.openxml4j.opc.PackageRelationshipCollection-Parsing relationship: /_rels/.rels
20:28:47.914[TestNG-tests-1]DEBUGorg.apache.poi.openxml4j.opc.PackageRelationshipCollection-Parsing relationship: /xl/_rels/workbook.xml.rels
20:28:47.914[TestNG-tests-1]DEBUGorg.apache.poi.openxml4j.opc.PackageRelationshipCollection-Parsing relationship: /_rels/.rels
20:28:47.970[TestNG-tests-1]DEBUGorg.apache.poi.openxml4j.opc.PackageRelationshipCollection-Parsing relationship: /xl/_rels/workbook.xml.rels
20:28:47.971[TestNG-tests-1]DEBUGorg.apache.poi.openxml4j.opc.PackageRelationshipCollection-Parsing relationship: /_rels/.rels
20:28:48.019[TestNG-tests-1]DEBUGorg.apache.poi.openxml4j.opc.PackageRelationshipCollection-Parsing relationship: /xl/_rels/workbook.xml.rels
20:28:48.020[TestNG-tests-1]DEBUGorg.apache.poi.openxml4j.opc.PackageRelationshipCollection-Parsing relationship: /_rels/.rels
20:28:48.080[TestNG-tests-1]DEBUGorg.apache.poi.openxml4j.opc.PackageRelationshipCollection-Parsing relationship: /xl/_rels/workbook.xml.rels
20:28:48.081[TestNG-tests-1]DEBUGorg.apache.poi.openxml4j.opc.PackageRelationshipCollection-Parsing relationship: /_rels/.rels
20:28:48.164[TestNG-tests-1]DEBUGorg.apache.poi.openxml4j.opc.PackageRelationshipCollection-Parsing relationship: /xl/_rels/workbook.xml.rels
20:28:48.168[TestNG-tests-1]DEBUGorg.apache.poi.openxml4j.opc.PackageRelationshipCollection-Parsing relationship: /_rels/.rels
20:28:48.283[TestNG-tests-1]DEBUGorg.apache.poi.openxml4j.opc.PackageRelationshipCollection-Parsing relationship: /xl/_rels/workbook.xml.rels
20:28:48.284[TestNG-tests-1]DEBUGorg.apache.poi.openxml4j.opc.PackageRelationshipCollection-Parsing relationship: /_rels/.rels
20:28:48.308[TestNG-tests-1]DEBUGorg.apache.poi.openxml4j.opc.PackageRelationshipCollection-Parsing relationship: /xl/_rels/workbook.xml.rels
20:28:48.310[TestNG-tests-1]DEBUGorg.apache.poi.openxml4j.opc.PackageRelationshipCollection-Parsing relationship: /_rels/.rels
20:28:48.344[TestNG-tests-1]DEBUGorg.apache.poi.openxml4j.opc.PackageRelationshipCollection-Parsing relationship: /xl/_rels/workbook.xml.rels
20:28:48.349[TestNG-tests-1]DEBUGorg.apache.poi.openxml4j.opc.PackageRelationshipCollection-Parsing relationship: /_rels/.rels
20:28:48.400[TestNG-tests-1]DEBUGorg.apache.poi.openxml4j.opc.PackageRelationshipCollection-Parsing relationship: /xl/_rels/workbook.xml.rels
20:28:48.400[TestNG-tests-1]DEBUGorg.apache.poi.openxml4j.opc.PackageRelationshipCollection-Parsing relationship: /_rels/.rels
20:28:48.444[TestNG-tests-1]INFO TestCases.TC3_loginDDT-***TC3_loginDDT test case started***
20:28:48.583[TestNG-tests-1]INFO TestCases.TC3_loginDDT-***clicked on My account***
20:28:49.148[TestNG-tests-1]INFO TestCases.TC3_loginDDT-***clicked on Login button***
20:28:55.770[TestNG-tests-1]INFO TestCases.TC3_loginDDT-***Finished TC3_loginDDT***
20:28:55.783[TestNG-tests-1]INFO TestCases.TC3_loginDDT-***TC3_loginDDT test case started***
20:28:55.913[TestNG-tests-1]INFO TestCases.TC3_loginDDT-***clicked on My account***
20:28:57.058[TestNG-tests-1]INFO TestCases.TC3_loginDDT-***clicked on Login button***
20:29:02.157[TestNG-tests-1]INFO TestCases.TC3_loginDDT-***Finished TC3_loginDDT***
20:29:02.187[TestNG-tests-1]INFO TestCases.TC3_loginDDT-***TC3_loginDDT test case started***
20:29:02.300[TestNG-tests-1]INFO TestCases.TC3_loginDDT-***clicked on My account***
20:29:03.583[TestNG-tests-1]INFO TestCases.TC3_loginDDT-***clicked on Login button***
20:29:14.883[TestNG-tests-1]INFO TestCases.TC3_loginDDT-***Finished TC3_loginDDT***
20:29:14.898[TestNG-tests-1]INFO TestCases.TC3_loginDDT-***TC3_loginDDT test case started***
20:29:15.016[TestNG-tests-1]INFO TestCases.TC3_loginDDT-***clicked on My account***
20:29:15.548[TestNG-tests-1]INFO TestCases.TC3_loginDDT-***clicked on Login button***
20:29:26.831[TestNG-tests-1]INFO TestCases.TC3_loginDDT-***Finished TC3_loginDDT***
20:29:26.862[TestNG-tests-1]INFO TestCases.TC3_loginDDT-***TC3_loginDDT test case started***
20:29:26.987[TestNG-tests-1]INFO TestCases.TC3_loginDDT-***clicked on My account***
20:29:34.425[TestNG-tests-1]INFO TestCases.TC3_loginDDT-***clicked on Login button***
20:29:47.067[TestNG-tests-1]INFO TestCases.TC3_loginDDT-***Finished TC3_loginDDT***
20:29:47.099[TestNG-tests-1]INFO TestCases.TC3_loginDDT-***TC3_loginDDT test case started***
20:29:47.217[TestNG-tests-1]INFO TestCases.TC3_loginDDT-***clicked on My account***
20:29:49.879[TestNG-tests-1]INFO TestCases.TC3_loginDDT-***clicked on Login button***
20:30:15.327[TestNG-tests-1]INFO TestCases.TC4_Checkin_Page-***TC4_order product ***
20:30:15.574[TestNG-tests-1]INFO TestCases.TC4_Checkin_Page-***enetring values in search***
20:30:18.911[TestNG-tests-1]INFO TestCases.TC4_Checkin_Page-***clicked on search button***
20:30:21.938[TestNG-tests-1]INFO TestCases.TC4_Checkin_Page-***clicked on Mac button***
20:30:22.054[TestNG-tests-1]INFO TestCases.TC4_Checkin_Page-***clicked on addTo cart button***
20:30:32.072[TestNG-tests-1]INFO TestCases.TC4_Checkin_Page-***Successfully got confirmation msg***
20:30:33.352[TestNG-tests-1]INFO TestCases.TC4_Checkin_Page-***clicked on Checkout***
20:30:36.383[TestNG-tests-1]INFO TestCases.TC4_Checkin_Page-***clicked on Continue and entering homepage***
20:30:50.851[TestNG-tests-1]INFO TestCases.TC5_OrderHistory-***TC5 order History started***
20:30:50.965[TestNG-tests-1]INFO TestCases.TC5_OrderHistory-***clicked on My account***
20:30:51.899[TestNG-tests-1]INFO TestCases.TC5_OrderHistory-***clicked on Login button***
20:30:51.899[TestNG-tests-1]INFO TestCases.TC5_OrderHistory-**Started login ***
20:30:52.322[TestNG-tests-1]INFO TestCases.TC5_OrderHistory-**Entered email***
20:30:52.597[TestNG-tests-1]INFO TestCases.TC5_OrderHistory-**Entered password***
20:30:56.054[TestNG-tests-1]INFO TestCases.TC5_OrderHistory-**clicked login button ***
20:30:56.925[TestNG-tests-1]INFO TestCases.TC5_OrderHistory-**verifying order history***
20:30:56.976[TestNG-tests-1]INFO TestCases.TC5_OrderHistory-**Finished TC5_OrderHistory ***
