09:10:41.744 [main] DEBUG org.apache.poi.openxml4j.opc.PackageRelationshipCollection - Parsing relationship: /_rels/.rels
09:10:41.823 [main] DEBUG org.apache.poi.openxml4j.opc.PackageRelationshipCollection - Parsing relationship: /xl/_rels/workbook.xml.rels
09:10:41.824 [main] DEBUG org.apache.poi.openxml4j.opc.PackageRelationshipCollection - Parsing relationship: /_rels/.rels
09:10:41.871 [main] DEBUG org.apache.poi.openxml4j.opc.PackageRelationshipCollection - Parsing relationship: /xl/_rels/workbook.xml.rels
09:10:41.873 [main] DEBUG org.apache.poi.openxml4j.opc.PackageRelationshipCollection - Parsing relationship: /_rels/.rels
09:10:41.952 [main] DEBUG org.apache.poi.openxml4j.opc.PackageRelationshipCollection - Parsing relationship: /xl/_rels/workbook.xml.rels
09:10:41.954 [main] DEBUG org.apache.poi.openxml4j.opc.PackageRelationshipCollection - Parsing relationship: /_rels/.rels
09:10:42.024 [main] DEBUG org.apache.poi.openxml4j.opc.PackageRelationshipCollection - Parsing relationship: /xl/_rels/workbook.xml.rels
09:10:42.026 [main] DEBUG org.apache.poi.openxml4j.opc.PackageRelationshipCollection - Parsing relationship: /_rels/.rels
09:10:42.101 [main] DEBUG org.apache.poi.openxml4j.opc.PackageRelationshipCollection - Parsing relationship: /xl/_rels/workbook.xml.rels
09:10:42.102 [main] DEBUG org.apache.poi.openxml4j.opc.PackageRelationshipCollection - Parsing relationship: /_rels/.rels
09:10:42.168 [main] DEBUG org.apache.poi.openxml4j.opc.PackageRelationshipCollection - Parsing relationship: /xl/_rels/workbook.xml.rels
09:10:42.169 [main] DEBUG org.apache.poi.openxml4j.opc.PackageRelationshipCollection - Parsing relationship: /_rels/.rels
09:10:42.274 [main] INFO  TestCases.TC3_loginDDT - ***TC3_loginDDT test case started***
09:10:42.874 [main] INFO  TestCases.TC3_loginDDT - ***clicked on My account***
09:10:45.618 [main] INFO  TestCases.TC3_loginDDT - ***clicked on Login button***
09:10:57.800 [main] INFO  TestCases.TC3_loginDDT - ***TC3_loginDDT test case started***
09:10:58.206 [main] INFO  TestCases.TC3_loginDDT - ***clicked on My account***
09:10:58.745 [main] INFO  TestCases.TC3_loginDDT - ***clicked on Login button***
09:11:03.716 [main] INFO  TestCases.TC3_loginDDT - ***Finished TC3_loginDDT***
09:11:03.748 [main] INFO  TestCases.TC3_loginDDT - ***TC3_loginDDT test case started***
09:11:03.933 [main] INFO  TestCases.TC3_loginDDT - ***clicked on My account***
09:11:04.896 [main] INFO  TestCases.TC3_loginDDT - ***clicked on Login button***
09:11:16.853 [main] INFO  TestCases.TC3_loginDDT - ***TC3_loginDDT test case started***
09:11:17.099 [main] INFO  TestCases.TC3_loginDDT - ***clicked on My account***
09:11:18.199 [main] INFO  TestCases.TC3_loginDDT - ***clicked on Login button***
09:11:30.874 [main] INFO  TestCases.TC3_loginDDT - ***TC3_loginDDT test case started***
09:11:31.087 [main] INFO  TestCases.TC3_loginDDT - ***clicked on My account***
09:11:33.042 [main] INFO  TestCases.TC3_loginDDT - ***clicked on Login button***
09:11:45.004 [main] INFO  TestCases.TC3_loginDDT - ***TC3_loginDDT test case started***
09:11:45.205 [main] INFO  TestCases.TC3_loginDDT - ***clicked on My account***
09:11:46.007 [main] INFO  TestCases.TC3_loginDDT - ***clicked on Login button***
09:12:51.538 [main] DEBUG org.testng.TestNG - suiteXmlPath: "C:\Users\GANNAJI RAHUL\eclipse-workspace\TutorialsNinja\src\test\java\TestCases\testng.xml"
09:12:52.700 [main] INFO  org.testng.internal.Utils - [TestNG] Running:
  C:\Users\GANNAJI RAHUL\eclipse-workspace\TutorialsNinja\src\test\java\TestCases\testng.xml

09:13:03.039 [main] DEBUG org.apache.poi.openxml4j.opc.PackageRelationshipCollection - Parsing relationship: /xl/_rels/workbook.xml.rels
09:13:03.051 [main] DEBUG org.apache.poi.openxml4j.opc.PackageRelationshipCollection - Parsing relationship: /_rels/.rels
09:13:04.923 [main] DEBUG org.apache.poi.openxml4j.opc.PackageRelationshipCollection - Parsing relationship: /xl/_rels/workbook.xml.rels
09:13:04.925 [main] DEBUG org.apache.poi.openxml4j.opc.PackageRelationshipCollection - Parsing relationship: /_rels/.rels
09:13:05.013 [main] DEBUG org.apache.poi.openxml4j.opc.PackageRelationshipCollection - Parsing relationship: /xl/_rels/workbook.xml.rels
09:13:05.018 [main] DEBUG org.apache.poi.openxml4j.opc.PackageRelationshipCollection - Parsing relationship: /_rels/.rels
09:13:05.093 [main] DEBUG org.apache.poi.openxml4j.opc.PackageRelationshipCollection - Parsing relationship: /xl/_rels/workbook.xml.rels
09:13:05.095 [main] DEBUG org.apache.poi.openxml4j.opc.PackageRelationshipCollection - Parsing relationship: /_rels/.rels
09:13:05.160 [main] DEBUG org.apache.poi.openxml4j.opc.PackageRelationshipCollection - Parsing relationship: /xl/_rels/workbook.xml.rels
09:13:05.162 [main] DEBUG org.apache.poi.openxml4j.opc.PackageRelationshipCollection - Parsing relationship: /_rels/.rels
09:13:05.227 [main] DEBUG org.apache.poi.openxml4j.opc.PackageRelationshipCollection - Parsing relationship: /xl/_rels/workbook.xml.rels
09:13:05.229 [main] DEBUG org.apache.poi.openxml4j.opc.PackageRelationshipCollection - Parsing relationship: /_rels/.rels
09:13:05.284 [main] DEBUG org.apache.poi.openxml4j.opc.PackageRelationshipCollection - Parsing relationship: /xl/_rels/workbook.xml.rels
09:13:05.286 [main] DEBUG org.apache.poi.openxml4j.opc.PackageRelationshipCollection - Parsing relationship: /_rels/.rels
09:13:05.368 [main] DEBUG org.apache.poi.openxml4j.opc.PackageRelationshipCollection - Parsing relationship: /xl/_rels/workbook.xml.rels
09:13:05.372 [main] DEBUG org.apache.poi.openxml4j.opc.PackageRelationshipCollection - Parsing relationship: /_rels/.rels
09:13:05.429 [main] DEBUG org.apache.poi.openxml4j.opc.PackageRelationshipCollection - Parsing relationship: /xl/_rels/workbook.xml.rels
09:13:05.433 [main] DEBUG org.apache.poi.openxml4j.opc.PackageRelationshipCollection - Parsing relationship: /_rels/.rels
09:13:05.476 [main] DEBUG org.apache.poi.openxml4j.opc.PackageRelationshipCollection - Parsing relationship: /xl/_rels/workbook.xml.rels
09:13:05.482 [main] DEBUG org.apache.poi.openxml4j.opc.PackageRelationshipCollection - Parsing relationship: /_rels/.rels
09:13:05.566 [main] DEBUG org.apache.poi.openxml4j.opc.PackageRelationshipCollection - Parsing relationship: /xl/_rels/workbook.xml.rels
09:13:05.568 [main] DEBUG org.apache.poi.openxml4j.opc.PackageRelationshipCollection - Parsing relationship: /_rels/.rels
09:13:05.632 [main] DEBUG org.apache.poi.openxml4j.opc.PackageRelationshipCollection - Parsing relationship: /xl/_rels/workbook.xml.rels
09:13:05.633 [main] DEBUG org.apache.poi.openxml4j.opc.PackageRelationshipCollection - Parsing relationship: /_rels/.rels
09:13:05.706 [main] DEBUG org.apache.poi.openxml4j.opc.PackageRelationshipCollection - Parsing relationship: /xl/_rels/workbook.xml.rels
09:13:05.708 [main] DEBUG org.apache.poi.openxml4j.opc.PackageRelationshipCollection - Parsing relationship: /_rels/.rels
09:13:05.774 [main] DEBUG org.apache.poi.openxml4j.opc.PackageRelationshipCollection - Parsing relationship: /xl/_rels/workbook.xml.rels
09:13:05.779 [main] DEBUG org.apache.poi.openxml4j.opc.PackageRelationshipCollection - Parsing relationship: /_rels/.rels
09:13:05.824 [main] DEBUG org.apache.poi.openxml4j.opc.PackageRelationshipCollection - Parsing relationship: /xl/_rels/workbook.xml.rels
09:13:05.825 [main] DEBUG org.apache.poi.openxml4j.opc.PackageRelationshipCollection - Parsing relationship: /_rels/.rels
09:13:05.913 [main] DEBUG org.apache.poi.openxml4j.opc.PackageRelationshipCollection - Parsing relationship: /xl/_rels/workbook.xml.rels
09:13:05.919 [main] DEBUG org.apache.poi.openxml4j.opc.PackageRelationshipCollection - Parsing relationship: /_rels/.rels
09:13:06.018 [main] DEBUG org.apache.poi.openxml4j.opc.PackageRelationshipCollection - Parsing relationship: /xl/_rels/workbook.xml.rels
09:13:06.019 [main] DEBUG org.apache.poi.openxml4j.opc.PackageRelationshipCollection - Parsing relationship: /_rels/.rels
09:13:06.055 [main] DEBUG org.apache.poi.openxml4j.opc.PackageRelationshipCollection - Parsing relationship: /xl/_rels/workbook.xml.rels
09:13:06.056 [main] DEBUG org.apache.poi.openxml4j.opc.PackageRelationshipCollection - Parsing relationship: /_rels/.rels
09:13:06.131 [main] DEBUG org.apache.poi.openxml4j.opc.PackageRelationshipCollection - Parsing relationship: /xl/_rels/workbook.xml.rels
09:13:06.132 [main] DEBUG org.apache.poi.openxml4j.opc.PackageRelationshipCollection - Parsing relationship: /_rels/.rels
09:13:06.246 [main] DEBUG org.apache.poi.openxml4j.opc.PackageRelationshipCollection - Parsing relationship: /xl/_rels/workbook.xml.rels
09:13:06.247 [main] DEBUG org.apache.poi.openxml4j.opc.PackageRelationshipCollection - Parsing relationship: /_rels/.rels
09:13:06.397 [main] INFO  TestCases.TC3_loginDDT - ***TC3_loginDDT test case started***
09:13:06.687 [main] INFO  TestCases.TC3_loginDDT - ***clicked on My account***
09:13:07.454 [main] INFO  TestCases.TC3_loginDDT - ***clicked on Login button***
09:13:19.063 [main] INFO  TestCases.TC3_loginDDT - ***TC3_loginDDT test case started***
09:13:19.374 [main] INFO  TestCases.TC3_loginDDT - ***clicked on My account***
09:13:21.848 [main] INFO  TestCases.TC3_loginDDT - ***clicked on Login button***
09:13:25.447 [main] INFO  TestCases.TC3_loginDDT - ***Finished TC3_loginDDT***
09:13:25.472 [main] INFO  TestCases.TC3_loginDDT - ***TC3_loginDDT test case started***
09:13:25.665 [main] INFO  TestCases.TC3_loginDDT - ***clicked on My account***
09:13:26.281 [main] INFO  TestCases.TC3_loginDDT - ***clicked on Login button***
09:13:38.340 [main] INFO  TestCases.TC3_loginDDT - ***TC3_loginDDT test case started***
09:13:38.636 [main] INFO  TestCases.TC3_loginDDT - ***clicked on My account***
09:13:39.420 [main] INFO  TestCases.TC3_loginDDT - ***clicked on Login button***
09:13:52.126 [main] INFO  TestCases.TC3_loginDDT - ***TC3_loginDDT test case started***
09:13:52.382 [main] INFO  TestCases.TC3_loginDDT - ***clicked on My account***
09:13:53.037 [main] INFO  TestCases.TC3_loginDDT - ***clicked on Login button***
09:14:04.888 [main] INFO  TestCases.TC3_loginDDT - ***TC3_loginDDT test case started***
09:14:05.124 [main] INFO  TestCases.TC3_loginDDT - ***clicked on My account***
09:14:06.687 [main] INFO  TestCases.TC3_loginDDT - ***clicked on Login button***
09:18:18.640 [main] DEBUG org.testng.TestNG - suiteXmlPath: "C:\Users\GANNAJI RAHUL\eclipse-workspace\TutorialsNinja\src\test\java\TestCases\testng.xml"
09:18:19.938 [main] INFO  org.testng.internal.Utils - [TestNG] Running:
  C:\Users\GANNAJI RAHUL\eclipse-workspace\TutorialsNinja\src\test\java\TestCases\testng.xml

09:18:30.926 [main] DEBUG org.apache.poi.openxml4j.opc.PackageRelationshipCollection - Parsing relationship: /xl/_rels/workbook.xml.rels
09:18:30.941 [main] DEBUG org.apache.poi.openxml4j.opc.PackageRelationshipCollection - Parsing relationship: /_rels/.rels
09:18:32.933 [main] DEBUG org.apache.poi.openxml4j.opc.PackageRelationshipCollection - Parsing relationship: /xl/_rels/workbook.xml.rels
09:18:32.936 [main] DEBUG org.apache.poi.openxml4j.opc.PackageRelationshipCollection - Parsing relationship: /_rels/.rels
09:18:33.060 [main] DEBUG org.apache.poi.openxml4j.opc.PackageRelationshipCollection - Parsing relationship: /xl/_rels/workbook.xml.rels
09:18:33.062 [main] DEBUG org.apache.poi.openxml4j.opc.PackageRelationshipCollection - Parsing relationship: /_rels/.rels
09:18:33.249 [main] DEBUG org.apache.poi.openxml4j.opc.PackageRelationshipCollection - Parsing relationship: /xl/_rels/workbook.xml.rels
09:18:33.255 [main] DEBUG org.apache.poi.openxml4j.opc.PackageRelationshipCollection - Parsing relationship: /_rels/.rels
09:18:33.341 [main] DEBUG org.apache.poi.openxml4j.opc.PackageRelationshipCollection - Parsing relationship: /xl/_rels/workbook.xml.rels
09:18:33.343 [main] DEBUG org.apache.poi.openxml4j.opc.PackageRelationshipCollection - Parsing relationship: /_rels/.rels
09:18:33.522 [main] DEBUG org.apache.poi.openxml4j.opc.PackageRelationshipCollection - Parsing relationship: /xl/_rels/workbook.xml.rels
09:18:33.530 [main] DEBUG org.apache.poi.openxml4j.opc.PackageRelationshipCollection - Parsing relationship: /_rels/.rels
09:18:33.611 [main] DEBUG org.apache.poi.openxml4j.opc.PackageRelationshipCollection - Parsing relationship: /xl/_rels/workbook.xml.rels
09:18:33.613 [main] DEBUG org.apache.poi.openxml4j.opc.PackageRelationshipCollection - Parsing relationship: /_rels/.rels
09:18:33.672 [main] DEBUG org.apache.poi.openxml4j.opc.PackageRelationshipCollection - Parsing relationship: /xl/_rels/workbook.xml.rels
09:18:33.675 [main] DEBUG org.apache.poi.openxml4j.opc.PackageRelationshipCollection - Parsing relationship: /_rels/.rels
09:18:33.824 [main] DEBUG org.apache.poi.openxml4j.opc.PackageRelationshipCollection - Parsing relationship: /xl/_rels/workbook.xml.rels
09:18:33.826 [main] DEBUG org.apache.poi.openxml4j.opc.PackageRelationshipCollection - Parsing relationship: /_rels/.rels
09:18:33.889 [main] DEBUG org.apache.poi.openxml4j.opc.PackageRelationshipCollection - Parsing relationship: /xl/_rels/workbook.xml.rels
09:18:33.896 [main] DEBUG org.apache.poi.openxml4j.opc.PackageRelationshipCollection - Parsing relationship: /_rels/.rels
09:18:33.981 [main] DEBUG org.apache.poi.openxml4j.opc.PackageRelationshipCollection - Parsing relationship: /xl/_rels/workbook.xml.rels
09:18:33.982 [main] DEBUG org.apache.poi.openxml4j.opc.PackageRelationshipCollection - Parsing relationship: /_rels/.rels
09:18:34.067 [main] DEBUG org.apache.poi.openxml4j.opc.PackageRelationshipCollection - Parsing relationship: /xl/_rels/workbook.xml.rels
09:18:34.068 [main] DEBUG org.apache.poi.openxml4j.opc.PackageRelationshipCollection - Parsing relationship: /_rels/.rels
09:18:34.161 [main] DEBUG org.apache.poi.openxml4j.opc.PackageRelationshipCollection - Parsing relationship: /xl/_rels/workbook.xml.rels
09:18:34.163 [main] DEBUG org.apache.poi.openxml4j.opc.PackageRelationshipCollection - Parsing relationship: /_rels/.rels
09:18:34.342 [main] DEBUG org.apache.poi.openxml4j.opc.PackageRelationshipCollection - Parsing relationship: /xl/_rels/workbook.xml.rels
09:18:34.344 [main] DEBUG org.apache.poi.openxml4j.opc.PackageRelationshipCollection - Parsing relationship: /_rels/.rels
09:18:34.398 [main] DEBUG org.apache.poi.openxml4j.opc.PackageRelationshipCollection - Parsing relationship: /xl/_rels/workbook.xml.rels
09:18:34.399 [main] DEBUG org.apache.poi.openxml4j.opc.PackageRelationshipCollection - Parsing relationship: /_rels/.rels
09:18:34.456 [main] DEBUG org.apache.poi.openxml4j.opc.PackageRelationshipCollection - Parsing relationship: /xl/_rels/workbook.xml.rels
09:18:34.461 [main] DEBUG org.apache.poi.openxml4j.opc.PackageRelationshipCollection - Parsing relationship: /_rels/.rels
09:18:34.532 [main] DEBUG org.apache.poi.openxml4j.opc.PackageRelationshipCollection - Parsing relationship: /xl/_rels/workbook.xml.rels
09:18:34.534 [main] DEBUG org.apache.poi.openxml4j.opc.PackageRelationshipCollection - Parsing relationship: /_rels/.rels
09:18:34.571 [main] DEBUG org.apache.poi.openxml4j.opc.PackageRelationshipCollection - Parsing relationship: /xl/_rels/workbook.xml.rels
09:18:34.572 [main] DEBUG org.apache.poi.openxml4j.opc.PackageRelationshipCollection - Parsing relationship: /_rels/.rels
09:18:34.610 [main] DEBUG org.apache.poi.openxml4j.opc.PackageRelationshipCollection - Parsing relationship: /xl/_rels/workbook.xml.rels
09:18:34.611 [main] DEBUG org.apache.poi.openxml4j.opc.PackageRelationshipCollection - Parsing relationship: /_rels/.rels
09:18:34.849 [main] DEBUG org.apache.poi.openxml4j.opc.PackageRelationshipCollection - Parsing relationship: /xl/_rels/workbook.xml.rels
09:18:34.851 [main] DEBUG org.apache.poi.openxml4j.opc.PackageRelationshipCollection - Parsing relationship: /_rels/.rels
09:18:34.919 [main] INFO  TestCases.TC3_loginDDT - ***TC3_loginDDT test case started***
09:18:35.214 [main] INFO  TestCases.TC3_loginDDT - ***clicked on My account***
09:18:36.724 [main] INFO  TestCases.TC3_loginDDT - ***clicked on Login button***
09:18:48.844 [main] INFO  TestCases.TC3_loginDDT - ***TC3_loginDDT test case started***
09:18:49.097 [main] INFO  TestCases.TC3_loginDDT - ***clicked on My account***
09:18:52.214 [main] INFO  TestCases.TC3_loginDDT - ***clicked on Login button***
09:18:55.615 [main] INFO  TestCases.TC3_loginDDT - ***Finished TC3_loginDDT***
09:18:55.642 [main] INFO  TestCases.TC3_loginDDT - ***TC3_loginDDT test case started***
09:18:55.992 [main] INFO  TestCases.TC3_loginDDT - ***clicked on My account***
09:18:57.446 [main] INFO  TestCases.TC3_loginDDT - ***clicked on Login button***
09:19:11.144 [main] INFO  TestCases.TC3_loginDDT - ***TC3_loginDDT test case started***
09:19:11.469 [main] INFO  TestCases.TC3_loginDDT - ***clicked on My account***
09:19:13.355 [main] INFO  TestCases.TC3_loginDDT - ***clicked on Login button***
09:19:25.912 [main] INFO  TestCases.TC3_loginDDT - ***TC3_loginDDT test case started***
09:19:26.135 [main] INFO  TestCases.TC3_loginDDT - ***clicked on My account***
09:19:28.272 [main] INFO  TestCases.TC3_loginDDT - ***clicked on Login button***
09:19:40.259 [main] INFO  TestCases.TC3_loginDDT - ***TC3_loginDDT test case started***
09:19:40.549 [main] INFO  TestCases.TC3_loginDDT - ***clicked on My account***
09:19:41.112 [main] INFO  TestCases.TC3_loginDDT - ***clicked on Login button***
09:21:49.894 [main] DEBUG org.testng.TestNG - suiteXmlPath: "C:\Users\GANNAJI RAHUL\eclipse-workspace\TutorialsNinja\src\test\java\TestCases\testng.xml"
09:21:51.368 [main] INFO  org.testng.internal.Utils - [TestNG] Running:
  C:\Users\GANNAJI RAHUL\eclipse-workspace\TutorialsNinja\src\test\java\TestCases\testng.xml

09:22:01.731 [main] DEBUG org.apache.poi.openxml4j.opc.PackageRelationshipCollection - Parsing relationship: /xl/_rels/workbook.xml.rels
09:22:01.745 [main] DEBUG org.apache.poi.openxml4j.opc.PackageRelationshipCollection - Parsing relationship: /_rels/.rels
09:22:03.817 [main] DEBUG org.apache.poi.openxml4j.opc.PackageRelationshipCollection - Parsing relationship: /xl/_rels/workbook.xml.rels
09:22:03.819 [main] DEBUG org.apache.poi.openxml4j.opc.PackageRelationshipCollection - Parsing relationship: /_rels/.rels
09:22:03.904 [main] DEBUG org.apache.poi.openxml4j.opc.PackageRelationshipCollection - Parsing relationship: /xl/_rels/workbook.xml.rels
09:22:03.906 [main] DEBUG org.apache.poi.openxml4j.opc.PackageRelationshipCollection - Parsing relationship: /_rels/.rels
09:22:03.988 [main] DEBUG org.apache.poi.openxml4j.opc.PackageRelationshipCollection - Parsing relationship: /xl/_rels/workbook.xml.rels
09:22:03.991 [main] DEBUG org.apache.poi.openxml4j.opc.PackageRelationshipCollection - Parsing relationship: /_rels/.rels
09:22:04.056 [main] DEBUG org.apache.poi.openxml4j.opc.PackageRelationshipCollection - Parsing relationship: /xl/_rels/workbook.xml.rels
09:22:04.058 [main] DEBUG org.apache.poi.openxml4j.opc.PackageRelationshipCollection - Parsing relationship: /_rels/.rels
09:22:04.128 [main] DEBUG org.apache.poi.openxml4j.opc.PackageRelationshipCollection - Parsing relationship: /xl/_rels/workbook.xml.rels
09:22:04.130 [main] DEBUG org.apache.poi.openxml4j.opc.PackageRelationshipCollection - Parsing relationship: /_rels/.rels
09:22:04.227 [main] DEBUG org.apache.poi.openxml4j.opc.PackageRelationshipCollection - Parsing relationship: /xl/_rels/workbook.xml.rels
09:22:04.229 [main] DEBUG org.apache.poi.openxml4j.opc.PackageRelationshipCollection - Parsing relationship: /_rels/.rels
09:22:04.277 [main] DEBUG org.apache.poi.openxml4j.opc.PackageRelationshipCollection - Parsing relationship: /xl/_rels/workbook.xml.rels
09:22:04.281 [main] DEBUG org.apache.poi.openxml4j.opc.PackageRelationshipCollection - Parsing relationship: /_rels/.rels
09:22:04.343 [main] DEBUG org.apache.poi.openxml4j.opc.PackageRelationshipCollection - Parsing relationship: /xl/_rels/workbook.xml.rels
09:22:04.350 [main] DEBUG org.apache.poi.openxml4j.opc.PackageRelationshipCollection - Parsing relationship: /_rels/.rels
09:22:04.390 [main] DEBUG org.apache.poi.openxml4j.opc.PackageRelationshipCollection - Parsing relationship: /xl/_rels/workbook.xml.rels
09:22:04.392 [main] DEBUG org.apache.poi.openxml4j.opc.PackageRelationshipCollection - Parsing relationship: /_rels/.rels
09:22:04.482 [main] DEBUG org.apache.poi.openxml4j.opc.PackageRelationshipCollection - Parsing relationship: /xl/_rels/workbook.xml.rels
09:22:04.483 [main] DEBUG org.apache.poi.openxml4j.opc.PackageRelationshipCollection - Parsing relationship: /_rels/.rels
09:22:04.588 [main] DEBUG org.apache.poi.openxml4j.opc.PackageRelationshipCollection - Parsing relationship: /xl/_rels/workbook.xml.rels
09:22:04.590 [main] DEBUG org.apache.poi.openxml4j.opc.PackageRelationshipCollection - Parsing relationship: /_rels/.rels
09:22:04.717 [main] DEBUG org.apache.poi.openxml4j.opc.PackageRelationshipCollection - Parsing relationship: /xl/_rels/workbook.xml.rels
09:22:04.719 [main] DEBUG org.apache.poi.openxml4j.opc.PackageRelationshipCollection - Parsing relationship: /_rels/.rels
09:22:04.786 [main] DEBUG org.apache.poi.openxml4j.opc.PackageRelationshipCollection - Parsing relationship: /xl/_rels/workbook.xml.rels
09:22:04.787 [main] DEBUG org.apache.poi.openxml4j.opc.PackageRelationshipCollection - Parsing relationship: /_rels/.rels
09:22:04.889 [main] DEBUG org.apache.poi.openxml4j.opc.PackageRelationshipCollection - Parsing relationship: /xl/_rels/workbook.xml.rels
09:22:04.890 [main] DEBUG org.apache.poi.openxml4j.opc.PackageRelationshipCollection - Parsing relationship: /_rels/.rels
09:22:04.940 [main] DEBUG org.apache.poi.openxml4j.opc.PackageRelationshipCollection - Parsing relationship: /xl/_rels/workbook.xml.rels
09:22:04.946 [main] DEBUG org.apache.poi.openxml4j.opc.PackageRelationshipCollection - Parsing relationship: /_rels/.rels
09:22:05.038 [main] DEBUG org.apache.poi.openxml4j.opc.PackageRelationshipCollection - Parsing relationship: /xl/_rels/workbook.xml.rels
09:22:05.039 [main] DEBUG org.apache.poi.openxml4j.opc.PackageRelationshipCollection - Parsing relationship: /_rels/.rels
09:22:05.175 [main] DEBUG org.apache.poi.openxml4j.opc.PackageRelationshipCollection - Parsing relationship: /xl/_rels/workbook.xml.rels
09:22:05.176 [main] DEBUG org.apache.poi.openxml4j.opc.PackageRelationshipCollection - Parsing relationship: /_rels/.rels
09:22:05.265 [main] DEBUG org.apache.poi.openxml4j.opc.PackageRelationshipCollection - Parsing relationship: /xl/_rels/workbook.xml.rels
09:22:05.266 [main] DEBUG org.apache.poi.openxml4j.opc.PackageRelationshipCollection - Parsing relationship: /_rels/.rels
09:22:05.328 [main] DEBUG org.apache.poi.openxml4j.opc.PackageRelationshipCollection - Parsing relationship: /xl/_rels/workbook.xml.rels
09:22:05.329 [main] DEBUG org.apache.poi.openxml4j.opc.PackageRelationshipCollection - Parsing relationship: /_rels/.rels
09:22:05.520 [main] INFO  TestCases.TC3_loginDDT - ***TC3_loginDDT test case started***
09:22:05.755 [main] INFO  TestCases.TC3_loginDDT - ***clicked on My account***
09:22:07.042 [main] INFO  TestCases.TC3_loginDDT - ***clicked on Login button***
09:22:19.146 [main] INFO  TestCases.TC3_loginDDT - ***TC3_loginDDT test case started***
09:22:19.399 [main] INFO  TestCases.TC3_loginDDT - ***clicked on My account***
09:22:20.453 [main] INFO  TestCases.TC3_loginDDT - ***clicked on Login button***
09:22:23.681 [main] INFO  TestCases.TC3_loginDDT - ***Finished TC3_loginDDT***
09:22:23.726 [main] INFO  TestCases.TC3_loginDDT - ***TC3_loginDDT test case started***
09:22:23.920 [main] INFO  TestCases.TC3_loginDDT - ***clicked on My account***
09:22:25.048 [main] INFO  TestCases.TC3_loginDDT - ***clicked on Login button***
09:22:37.311 [main] INFO  TestCases.TC3_loginDDT - ***TC3_loginDDT test case started***
09:22:37.577 [main] INFO  TestCases.TC3_loginDDT - ***clicked on My account***
09:22:38.827 [main] INFO  TestCases.TC3_loginDDT - ***clicked on Login button***
09:22:51.851 [main] INFO  TestCases.TC3_loginDDT - ***TC3_loginDDT test case started***
09:22:52.090 [main] INFO  TestCases.TC3_loginDDT - ***clicked on My account***
09:22:52.800 [main] INFO  TestCases.TC3_loginDDT - ***clicked on Login button***
09:23:05.100 [main] INFO  TestCases.TC3_loginDDT - ***TC3_loginDDT test case started***
09:23:05.306 [main] INFO  TestCases.TC3_loginDDT - ***clicked on My account***
09:23:08.067 [main] INFO  TestCases.TC3_loginDDT - ***clicked on Login button***
09:26:35.173 [main] DEBUG org.testng.TestNG - suiteXmlPath: "C:\Users\GANNAJ~1\AppData\Local\Temp\testng-eclipse-479465699\testng-customsuite.xml"
09:26:36.332 [main] INFO  org.testng.internal.Utils - [Utils] MethodGroupsHelper.collectMethodsByGroup() took 1 ms.
09:26:36.351 [main] INFO  org.testng.internal.Utils - [Utils] MethodGroupsHelper.sortMethods() took 12 ms.
09:26:36.360 [main] INFO  org.testng.internal.Utils - [Utils] MethodGroupsHelper.collectMethodsByGroup() took 0 ms.
09:26:36.361 [main] INFO  org.testng.internal.Utils - [Utils] MethodGroupsHelper.sortMethods() took 0 ms.
09:26:36.369 [main] INFO  org.testng.internal.Utils - [Utils] MethodGroupsHelper.collectMethodsByGroup() took 0 ms.
09:26:36.371 [main] INFO  org.testng.internal.Utils - [Utils] MethodGroupsHelper.sortMethods() took 0 ms.
09:26:36.376 [main] INFO  org.testng.internal.Utils - [Utils] MethodGroupsHelper.collectMethodsByGroup() took 0 ms.
09:26:36.376 [main] INFO  org.testng.internal.Utils - [Utils] MethodGroupsHelper.sortMethods() took 0 ms.
09:26:36.401 [main] INFO  org.testng.internal.Utils - [Utils] MethodGroupsHelper.collectMethodsByGroup() took 13 ms.
09:26:36.472 [main] INFO  org.testng.internal.Utils - [Utils] MethodGroupsHelper.sortMethods() took 68 ms.
09:26:36.478 [main] INFO  org.testng.internal.Utils - [Utils] MethodGroupsHelper.collectMethodsByGroup() took 1 ms.
09:26:36.479 [main] INFO  org.testng.internal.Utils - [Utils] MethodGroupsHelper.sortMethods() took 0 ms.
09:26:36.481 [main] INFO  org.testng.internal.Utils - [Utils] MethodGroupsHelper.collectMethodsByGroup() took 0 ms.
09:26:36.482 [main] INFO  org.testng.internal.Utils - [Utils] MethodGroupsHelper.sortMethods() took 0 ms.
09:26:36.485 [main] INFO  org.testng.internal.Utils - [Utils] MethodGroupsHelper.collectMethodsByGroup() took 0 ms.
09:26:36.486 [main] INFO  org.testng.internal.Utils - [Utils] MethodGroupsHelper.sortMethods() took 1 ms.
09:26:36.492 [main] INFO  org.testng.internal.Utils - [Utils] MethodGroupsHelper.collectMethodsByGroup() took 0 ms.
09:26:36.493 [main] INFO  org.testng.internal.Utils - [Utils] MethodGroupsHelper.sortMethods() took 0 ms.
09:26:36.495 [main] INFO  org.testng.internal.Utils - [Utils] MethodGroupsHelper.collectMethodsByGroup() took 0 ms.
09:26:36.495 [main] INFO  org.testng.internal.Utils - [Utils] MethodGroupsHelper.sortMethods() took 0 ms.
09:26:36.502 [main] INFO  org.testng.internal.Utils - [Utils] MethodGroupsHelper.collectMethodsByGroup() took 0 ms.
09:26:36.502 [main] INFO  org.testng.internal.Utils - [Utils] MethodGroupsHelper.sortMethods() took 0 ms.
09:26:36.503 [main] INFO  org.testng.internal.Utils - [Utils] MethodGroupsHelper.collectMethodsByGroup() took 0 ms.
09:26:36.504 [main] INFO  org.testng.internal.Utils - [Utils] MethodGroupsHelper.sortMethods() took 0 ms.
09:26:36.512 [main] INFO  org.testng.internal.Utils - [Utils] MethodGroupsHelper.collectMethodsByGroup() took 2 ms.
09:26:36.514 [main] INFO  org.testng.internal.Utils - [Utils] MethodGroupsHelper.sortMethods() took 1 ms.
09:26:36.518 [main] INFO  org.testng.internal.Utils - [Utils] MethodGroupsHelper.collectMethodsByGroup() took 0 ms.
09:26:36.519 [main] INFO  org.testng.internal.Utils - [Utils] MethodGroupsHelper.sortMethods() took 0 ms.
09:26:36.519 [main] INFO  org.testng.internal.Utils - [Utils] MethodGroupsHelper.collectMethodsByGroup() took 0 ms.
09:26:36.519 [main] INFO  org.testng.internal.Utils - [Utils] MethodGroupsHelper.sortMethods() took 0 ms.
09:26:36.566 [main] INFO  org.testng.internal.Utils - [TestNG] Running:
  C:\Users\GANNAJI RAHUL\AppData\Local\Temp\testng-eclipse-479465699\testng-customsuite.xml

09:26:36.649 [main] INFO  org.testng.internal.Utils - [Utils] DynamicGraphHelper.createDynamicGraph() took 11 ms.
09:26:37.405 [main] DEBUG org.apache.poi.openxml4j.opc.PackageRelationshipCollection - Parsing relationship: /xl/_rels/workbook.xml.rels
09:26:37.421 [main] DEBUG org.apache.poi.openxml4j.opc.PackageRelationshipCollection - Parsing relationship: /_rels/.rels
09:26:39.092 [main] DEBUG org.apache.poi.openxml4j.opc.PackageRelationshipCollection - Parsing relationship: /xl/_rels/workbook.xml.rels
09:26:39.099 [main] DEBUG org.apache.poi.openxml4j.opc.PackageRelationshipCollection - Parsing relationship: /_rels/.rels
09:26:39.206 [main] DEBUG org.apache.poi.openxml4j.opc.PackageRelationshipCollection - Parsing relationship: /xl/_rels/workbook.xml.rels
09:26:39.208 [main] DEBUG org.apache.poi.openxml4j.opc.PackageRelationshipCollection - Parsing relationship: /_rels/.rels
09:26:39.319 [main] DEBUG org.apache.poi.openxml4j.opc.PackageRelationshipCollection - Parsing relationship: /xl/_rels/workbook.xml.rels
09:26:39.323 [main] DEBUG org.apache.poi.openxml4j.opc.PackageRelationshipCollection - Parsing relationship: /_rels/.rels
09:26:39.412 [main] DEBUG org.apache.poi.openxml4j.opc.PackageRelationshipCollection - Parsing relationship: /xl/_rels/workbook.xml.rels
09:26:39.415 [main] DEBUG org.apache.poi.openxml4j.opc.PackageRelationshipCollection - Parsing relationship: /_rels/.rels
09:26:39.484 [main] DEBUG org.apache.poi.openxml4j.opc.PackageRelationshipCollection - Parsing relationship: /xl/_rels/workbook.xml.rels
09:26:39.487 [main] DEBUG org.apache.poi.openxml4j.opc.PackageRelationshipCollection - Parsing relationship: /_rels/.rels
09:26:39.586 [main] DEBUG org.apache.poi.openxml4j.opc.PackageRelationshipCollection - Parsing relationship: /xl/_rels/workbook.xml.rels
09:26:39.589 [main] DEBUG org.apache.poi.openxml4j.opc.PackageRelationshipCollection - Parsing relationship: /_rels/.rels
09:26:39.669 [main] DEBUG org.apache.poi.openxml4j.opc.PackageRelationshipCollection - Parsing relationship: /xl/_rels/workbook.xml.rels
09:26:39.671 [main] DEBUG org.apache.poi.openxml4j.opc.PackageRelationshipCollection - Parsing relationship: /_rels/.rels
09:26:39.826 [main] DEBUG org.apache.poi.openxml4j.opc.PackageRelationshipCollection - Parsing relationship: /xl/_rels/workbook.xml.rels
09:26:39.834 [main] DEBUG org.apache.poi.openxml4j.opc.PackageRelationshipCollection - Parsing relationship: /_rels/.rels
09:26:39.907 [main] DEBUG org.apache.poi.openxml4j.opc.PackageRelationshipCollection - Parsing relationship: /xl/_rels/workbook.xml.rels
09:26:39.920 [main] DEBUG org.apache.poi.openxml4j.opc.PackageRelationshipCollection - Parsing relationship: /_rels/.rels
09:26:40.067 [main] DEBUG org.apache.poi.openxml4j.opc.PackageRelationshipCollection - Parsing relationship: /xl/_rels/workbook.xml.rels
09:26:40.075 [main] DEBUG org.apache.poi.openxml4j.opc.PackageRelationshipCollection - Parsing relationship: /_rels/.rels
09:26:40.184 [main] DEBUG org.apache.poi.openxml4j.opc.PackageRelationshipCollection - Parsing relationship: /xl/_rels/workbook.xml.rels
09:26:40.186 [main] DEBUG org.apache.poi.openxml4j.opc.PackageRelationshipCollection - Parsing relationship: /_rels/.rels
09:26:40.333 [main] DEBUG org.apache.poi.openxml4j.opc.PackageRelationshipCollection - Parsing relationship: /xl/_rels/workbook.xml.rels
09:26:40.336 [main] DEBUG org.apache.poi.openxml4j.opc.PackageRelationshipCollection - Parsing relationship: /_rels/.rels
09:26:40.424 [main] DEBUG org.apache.poi.openxml4j.opc.PackageRelationshipCollection - Parsing relationship: /xl/_rels/workbook.xml.rels
09:26:40.425 [main] DEBUG org.apache.poi.openxml4j.opc.PackageRelationshipCollection - Parsing relationship: /_rels/.rels
09:26:40.477 [main] DEBUG org.apache.poi.openxml4j.opc.PackageRelationshipCollection - Parsing relationship: /xl/_rels/workbook.xml.rels
09:26:40.479 [main] DEBUG org.apache.poi.openxml4j.opc.PackageRelationshipCollection - Parsing relationship: /_rels/.rels
09:26:40.527 [main] DEBUG org.apache.poi.openxml4j.opc.PackageRelationshipCollection - Parsing relationship: /xl/_rels/workbook.xml.rels
09:26:40.531 [main] DEBUG org.apache.poi.openxml4j.opc.PackageRelationshipCollection - Parsing relationship: /_rels/.rels
09:26:40.597 [main] DEBUG org.apache.poi.openxml4j.opc.PackageRelationshipCollection - Parsing relationship: /xl/_rels/workbook.xml.rels
09:26:40.599 [main] DEBUG org.apache.poi.openxml4j.opc.PackageRelationshipCollection - Parsing relationship: /_rels/.rels
09:26:40.636 [main] DEBUG org.apache.poi.openxml4j.opc.PackageRelationshipCollection - Parsing relationship: /xl/_rels/workbook.xml.rels
09:26:40.637 [main] DEBUG org.apache.poi.openxml4j.opc.PackageRelationshipCollection - Parsing relationship: /_rels/.rels
09:26:40.700 [main] DEBUG org.apache.poi.openxml4j.opc.PackageRelationshipCollection - Parsing relationship: /xl/_rels/workbook.xml.rels
09:26:40.702 [main] DEBUG org.apache.poi.openxml4j.opc.PackageRelationshipCollection - Parsing relationship: /_rels/.rels
09:26:40.786 [main] DEBUG org.apache.poi.openxml4j.opc.PackageRelationshipCollection - Parsing relationship: /xl/_rels/workbook.xml.rels
09:26:40.788 [main] DEBUG org.apache.poi.openxml4j.opc.PackageRelationshipCollection - Parsing relationship: /_rels/.rels
09:26:42.024 [main] INFO  org.testng.internal.Utils - [TestNG] Time taken by org.testng.reporters.jq.Main@451882b2: 510 ms
09:26:42.053 [main] INFO  org.testng.internal.Utils - [TestNG] Time taken by org.testng.reporters.FailedReporter@756b58a7: 27 ms
09:26:42.101 [main] INFO  org.testng.internal.Utils - [TestNG] Time taken by org.testng.reporters.XMLReporter@37ed010a: 48 ms
09:26:42.153 [main] INFO  org.testng.internal.Utils - [TestNG] Time taken by org.testng.reporters.EmailableReporter2@28e19366: 51 ms
09:26:42.205 [main] INFO  org.testng.internal.Utils - [TestNG] Time taken by org.testng.reporters.JUnitReportReporter@59c33386: 51 ms
09:26:42.207 [main] INFO  org.testng.internal.Utils - [TestNG] Time taken by org.testng.internal.ExitCodeListener@571a9686: 1 ms
09:27:03.153 [main] DEBUG org.testng.TestNG - suiteXmlPath: "C:\Users\GANNAJI RAHUL\eclipse-workspace\TutorialsNinja\src\test\java\TestCases\testng.xml"
09:27:04.390 [main] INFO  org.testng.internal.Utils - [TestNG] Running:
  C:\Users\GANNAJI RAHUL\eclipse-workspace\TutorialsNinja\src\test\java\TestCases\testng.xml

09:27:18.158 [main] DEBUG org.apache.poi.openxml4j.opc.PackageRelationshipCollection - Parsing relationship: /xl/_rels/workbook.xml.rels
09:27:18.173 [main] DEBUG org.apache.poi.openxml4j.opc.PackageRelationshipCollection - Parsing relationship: /_rels/.rels
09:27:20.024 [main] DEBUG org.apache.poi.openxml4j.opc.PackageRelationshipCollection - Parsing relationship: /xl/_rels/workbook.xml.rels
09:27:20.037 [main] DEBUG org.apache.poi.openxml4j.opc.PackageRelationshipCollection - Parsing relationship: /_rels/.rels
09:27:20.140 [main] DEBUG org.apache.poi.openxml4j.opc.PackageRelationshipCollection - Parsing relationship: /xl/_rels/workbook.xml.rels
09:27:20.147 [main] DEBUG org.apache.poi.openxml4j.opc.PackageRelationshipCollection - Parsing relationship: /_rels/.rels
09:27:20.395 [main] DEBUG org.apache.poi.openxml4j.opc.PackageRelationshipCollection - Parsing relationship: /xl/_rels/workbook.xml.rels
09:27:20.399 [main] DEBUG org.apache.poi.openxml4j.opc.PackageRelationshipCollection - Parsing relationship: /_rels/.rels
09:27:20.603 [main] DEBUG org.apache.poi.openxml4j.opc.PackageRelationshipCollection - Parsing relationship: /xl/_rels/workbook.xml.rels
09:27:20.605 [main] DEBUG org.apache.poi.openxml4j.opc.PackageRelationshipCollection - Parsing relationship: /_rels/.rels
09:27:20.689 [main] DEBUG org.apache.poi.openxml4j.opc.PackageRelationshipCollection - Parsing relationship: /xl/_rels/workbook.xml.rels
09:27:20.691 [main] DEBUG org.apache.poi.openxml4j.opc.PackageRelationshipCollection - Parsing relationship: /_rels/.rels
09:27:20.754 [main] DEBUG org.apache.poi.openxml4j.opc.PackageRelationshipCollection - Parsing relationship: /xl/_rels/workbook.xml.rels
09:27:20.757 [main] DEBUG org.apache.poi.openxml4j.opc.PackageRelationshipCollection - Parsing relationship: /_rels/.rels
09:27:20.820 [main] DEBUG org.apache.poi.openxml4j.opc.PackageRelationshipCollection - Parsing relationship: /xl/_rels/workbook.xml.rels
09:27:20.826 [main] DEBUG org.apache.poi.openxml4j.opc.PackageRelationshipCollection - Parsing relationship: /_rels/.rels
09:27:20.901 [main] DEBUG org.apache.poi.openxml4j.opc.PackageRelationshipCollection - Parsing relationship: /xl/_rels/workbook.xml.rels
09:27:20.904 [main] DEBUG org.apache.poi.openxml4j.opc.PackageRelationshipCollection - Parsing relationship: /_rels/.rels
09:27:20.961 [main] DEBUG org.apache.poi.openxml4j.opc.PackageRelationshipCollection - Parsing relationship: /xl/_rels/workbook.xml.rels
09:27:20.969 [main] DEBUG org.apache.poi.openxml4j.opc.PackageRelationshipCollection - Parsing relationship: /_rels/.rels
09:27:21.072 [main] DEBUG org.apache.poi.openxml4j.opc.PackageRelationshipCollection - Parsing relationship: /xl/_rels/workbook.xml.rels
09:27:21.076 [main] DEBUG org.apache.poi.openxml4j.opc.PackageRelationshipCollection - Parsing relationship: /_rels/.rels
09:27:21.163 [main] DEBUG org.apache.poi.openxml4j.opc.PackageRelationshipCollection - Parsing relationship: /xl/_rels/workbook.xml.rels
09:27:21.165 [main] DEBUG org.apache.poi.openxml4j.opc.PackageRelationshipCollection - Parsing relationship: /_rels/.rels
09:27:21.360 [main] DEBUG org.apache.poi.openxml4j.opc.PackageRelationshipCollection - Parsing relationship: /xl/_rels/workbook.xml.rels
09:27:21.362 [main] DEBUG org.apache.poi.openxml4j.opc.PackageRelationshipCollection - Parsing relationship: /_rels/.rels
09:27:21.445 [main] DEBUG org.apache.poi.openxml4j.opc.PackageRelationshipCollection - Parsing relationship: /xl/_rels/workbook.xml.rels
09:27:21.447 [main] DEBUG org.apache.poi.openxml4j.opc.PackageRelationshipCollection - Parsing relationship: /_rels/.rels
09:27:21.512 [main] DEBUG org.apache.poi.openxml4j.opc.PackageRelationshipCollection - Parsing relationship: /xl/_rels/workbook.xml.rels
09:27:21.515 [main] DEBUG org.apache.poi.openxml4j.opc.PackageRelationshipCollection - Parsing relationship: /_rels/.rels
09:27:21.564 [main] DEBUG org.apache.poi.openxml4j.opc.PackageRelationshipCollection - Parsing relationship: /xl/_rels/workbook.xml.rels
09:27:21.570 [main] DEBUG org.apache.poi.openxml4j.opc.PackageRelationshipCollection - Parsing relationship: /_rels/.rels
09:27:21.656 [main] DEBUG org.apache.poi.openxml4j.opc.PackageRelationshipCollection - Parsing relationship: /xl/_rels/workbook.xml.rels
09:27:21.676 [main] DEBUG org.apache.poi.openxml4j.opc.PackageRelationshipCollection - Parsing relationship: /_rels/.rels
09:27:21.784 [main] DEBUG org.apache.poi.openxml4j.opc.PackageRelationshipCollection - Parsing relationship: /xl/_rels/workbook.xml.rels
09:27:21.786 [main] DEBUG org.apache.poi.openxml4j.opc.PackageRelationshipCollection - Parsing relationship: /_rels/.rels
09:27:21.839 [main] DEBUG org.apache.poi.openxml4j.opc.PackageRelationshipCollection - Parsing relationship: /xl/_rels/workbook.xml.rels
09:27:21.841 [main] DEBUG org.apache.poi.openxml4j.opc.PackageRelationshipCollection - Parsing relationship: /_rels/.rels
09:27:21.927 [main] DEBUG org.apache.poi.openxml4j.opc.PackageRelationshipCollection - Parsing relationship: /xl/_rels/workbook.xml.rels
09:27:21.929 [main] DEBUG org.apache.poi.openxml4j.opc.PackageRelationshipCollection - Parsing relationship: /_rels/.rels
09:27:22.132 [main] INFO  TestCases.TC3_loginDDT - ***TC3_loginDDT test case started***
09:27:22.676 [main] INFO  TestCases.TC3_loginDDT - ***clicked on My account***
09:27:23.679 [main] INFO  TestCases.TC3_loginDDT - ***clicked on Login button***
09:27:36.096 [main] INFO  TestCases.TC3_loginDDT - ***TC3_loginDDT test case started***
09:27:36.310 [main] INFO  TestCases.TC3_loginDDT - ***clicked on My account***
09:27:37.471 [main] INFO  TestCases.TC3_loginDDT - ***clicked on Login button***
09:27:41.827 [main] INFO  TestCases.TC3_loginDDT - ***Finished TC3_loginDDT***
09:27:41.891 [main] INFO  TestCases.TC3_loginDDT - ***TC3_loginDDT test case started***
09:27:42.164 [main] INFO  TestCases.TC3_loginDDT - ***clicked on My account***
09:27:51.059 [main] INFO  TestCases.TC3_loginDDT - ***clicked on Login button***
09:28:03.133 [main] INFO  TestCases.TC3_loginDDT - ***TC3_loginDDT test case started***
09:28:03.354 [main] INFO  TestCases.TC3_loginDDT - ***clicked on My account***
09:28:09.550 [main] INFO  TestCases.TC3_loginDDT - ***clicked on Login button***
09:28:24.596 [main] INFO  TestCases.TC3_loginDDT - ***TC3_loginDDT test case started***
09:28:24.801 [main] INFO  TestCases.TC3_loginDDT - ***clicked on My account***
09:28:26.301 [main] INFO  TestCases.TC3_loginDDT - ***clicked on Login button***
09:28:38.316 [main] INFO  TestCases.TC3_loginDDT - ***TC3_loginDDT test case started***
09:28:38.516 [main] INFO  TestCases.TC3_loginDDT - ***clicked on My account***
09:28:40.549 [main] INFO  TestCases.TC3_loginDDT - ***clicked on Login button***
09:34:44.833 [main] DEBUG org.testng.TestNG - suiteXmlPath: "C:\Users\GANNAJI RAHUL\eclipse-workspace\TutorialsNinja\src\test\java\TestCases\testng.xml"
09:34:46.371 [main] INFO  org.testng.internal.Utils - [TestNG] Running:
  C:\Users\GANNAJI RAHUL\eclipse-workspace\TutorialsNinja\src\test\java\TestCases\testng.xml

09:34:59.222 [main] DEBUG org.apache.poi.openxml4j.opc.PackageRelationshipCollection - Parsing relationship: /xl/_rels/workbook.xml.rels
09:34:59.237 [main] DEBUG org.apache.poi.openxml4j.opc.PackageRelationshipCollection - Parsing relationship: /_rels/.rels
09:35:01.719 [main] DEBUG org.apache.poi.openxml4j.opc.PackageRelationshipCollection - Parsing relationship: /xl/_rels/workbook.xml.rels
09:35:01.723 [main] DEBUG org.apache.poi.openxml4j.opc.PackageRelationshipCollection - Parsing relationship: /_rels/.rels
09:35:01.838 [main] DEBUG org.apache.poi.openxml4j.opc.PackageRelationshipCollection - Parsing relationship: /xl/_rels/workbook.xml.rels
09:35:01.841 [main] DEBUG org.apache.poi.openxml4j.opc.PackageRelationshipCollection - Parsing relationship: /_rels/.rels
09:35:01.955 [main] DEBUG org.apache.poi.openxml4j.opc.PackageRelationshipCollection - Parsing relationship: /xl/_rels/workbook.xml.rels
09:35:01.959 [main] DEBUG org.apache.poi.openxml4j.opc.PackageRelationshipCollection - Parsing relationship: /_rels/.rels
09:35:02.040 [main] DEBUG org.apache.poi.openxml4j.opc.PackageRelationshipCollection - Parsing relationship: /xl/_rels/workbook.xml.rels
09:35:02.043 [main] DEBUG org.apache.poi.openxml4j.opc.PackageRelationshipCollection - Parsing relationship: /_rels/.rels
09:35:02.146 [main] DEBUG org.apache.poi.openxml4j.opc.PackageRelationshipCollection - Parsing relationship: /xl/_rels/workbook.xml.rels
09:35:02.149 [main] DEBUG org.apache.poi.openxml4j.opc.PackageRelationshipCollection - Parsing relationship: /_rels/.rels
09:35:02.226 [main] DEBUG org.apache.poi.openxml4j.opc.PackageRelationshipCollection - Parsing relationship: /xl/_rels/workbook.xml.rels
09:35:02.229 [main] DEBUG org.apache.poi.openxml4j.opc.PackageRelationshipCollection - Parsing relationship: /_rels/.rels
09:35:02.302 [main] DEBUG org.apache.poi.openxml4j.opc.PackageRelationshipCollection - Parsing relationship: /xl/_rels/workbook.xml.rels
09:35:02.308 [main] DEBUG org.apache.poi.openxml4j.opc.PackageRelationshipCollection - Parsing relationship: /_rels/.rels
09:35:02.381 [main] DEBUG org.apache.poi.openxml4j.opc.PackageRelationshipCollection - Parsing relationship: /xl/_rels/workbook.xml.rels
09:35:02.386 [main] DEBUG org.apache.poi.openxml4j.opc.PackageRelationshipCollection - Parsing relationship: /_rels/.rels
09:35:02.476 [main] DEBUG org.apache.poi.openxml4j.opc.PackageRelationshipCollection - Parsing relationship: /xl/_rels/workbook.xml.rels
09:35:02.486 [main] DEBUG org.apache.poi.openxml4j.opc.PackageRelationshipCollection - Parsing relationship: /_rels/.rels
09:35:02.591 [main] DEBUG org.apache.poi.openxml4j.opc.PackageRelationshipCollection - Parsing relationship: /xl/_rels/workbook.xml.rels
09:35:02.593 [main] DEBUG org.apache.poi.openxml4j.opc.PackageRelationshipCollection - Parsing relationship: /_rels/.rels
09:35:02.672 [main] DEBUG org.apache.poi.openxml4j.opc.PackageRelationshipCollection - Parsing relationship: /xl/_rels/workbook.xml.rels
09:35:02.674 [main] DEBUG org.apache.poi.openxml4j.opc.PackageRelationshipCollection - Parsing relationship: /_rels/.rels
09:35:02.791 [main] DEBUG org.apache.poi.openxml4j.opc.PackageRelationshipCollection - Parsing relationship: /xl/_rels/workbook.xml.rels
09:35:02.793 [main] DEBUG org.apache.poi.openxml4j.opc.PackageRelationshipCollection - Parsing relationship: /_rels/.rels
09:35:02.885 [main] DEBUG org.apache.poi.openxml4j.opc.PackageRelationshipCollection - Parsing relationship: /xl/_rels/workbook.xml.rels
09:35:02.887 [main] DEBUG org.apache.poi.openxml4j.opc.PackageRelationshipCollection - Parsing relationship: /_rels/.rels
09:35:02.946 [main] DEBUG org.apache.poi.openxml4j.opc.PackageRelationshipCollection - Parsing relationship: /xl/_rels/workbook.xml.rels
09:35:02.947 [main] DEBUG org.apache.poi.openxml4j.opc.PackageRelationshipCollection - Parsing relationship: /_rels/.rels
09:35:03.000 [main] DEBUG org.apache.poi.openxml4j.opc.PackageRelationshipCollection - Parsing relationship: /xl/_rels/workbook.xml.rels
09:35:03.009 [main] DEBUG org.apache.poi.openxml4j.opc.PackageRelationshipCollection - Parsing relationship: /_rels/.rels
09:35:03.088 [main] DEBUG org.apache.poi.openxml4j.opc.PackageRelationshipCollection - Parsing relationship: /xl/_rels/workbook.xml.rels
09:35:03.091 [main] DEBUG org.apache.poi.openxml4j.opc.PackageRelationshipCollection - Parsing relationship: /_rels/.rels
09:35:03.136 [main] DEBUG org.apache.poi.openxml4j.opc.PackageRelationshipCollection - Parsing relationship: /xl/_rels/workbook.xml.rels
09:35:03.138 [main] DEBUG org.apache.poi.openxml4j.opc.PackageRelationshipCollection - Parsing relationship: /_rels/.rels
09:35:03.190 [main] DEBUG org.apache.poi.openxml4j.opc.PackageRelationshipCollection - Parsing relationship: /xl/_rels/workbook.xml.rels
09:35:03.192 [main] DEBUG org.apache.poi.openxml4j.opc.PackageRelationshipCollection - Parsing relationship: /_rels/.rels
09:35:03.452 [main] DEBUG org.apache.poi.openxml4j.opc.PackageRelationshipCollection - Parsing relationship: /xl/_rels/workbook.xml.rels
09:35:03.453 [main] DEBUG org.apache.poi.openxml4j.opc.PackageRelationshipCollection - Parsing relationship: /_rels/.rels
09:35:03.651 [main] INFO  TestCases.TC3_loginDDT - ***TC3_loginDDT test case started***
09:35:03.979 [main] INFO  TestCases.TC3_loginDDT - ***clicked on My account***
09:35:05.621 [main] INFO  TestCases.TC3_loginDDT - ***clicked on Login button***
09:35:18.118 [main] INFO  TestCases.TC3_loginDDT - ***TC3_loginDDT test case started***
09:35:18.339 [main] INFO  TestCases.TC3_loginDDT - ***clicked on My account***
09:35:19.145 [main] INFO  TestCases.TC3_loginDDT - ***clicked on Login button***
09:35:22.851 [main] INFO  TestCases.TC3_loginDDT - ***Finished TC3_loginDDT***
09:35:22.894 [main] INFO  TestCases.TC3_loginDDT - ***TC3_loginDDT test case started***
09:35:23.241 [main] INFO  TestCases.TC3_loginDDT - ***clicked on My account***
09:35:23.912 [main] INFO  TestCases.TC3_loginDDT - ***clicked on Login button***
09:35:36.527 [main] INFO  TestCases.TC3_loginDDT - ***Finished TC3_loginDDT***
09:35:36.542 [main] INFO  TestCases.TC3_loginDDT - ***TC3_loginDDT test case started***
09:35:36.751 [main] INFO  TestCases.TC3_loginDDT - ***clicked on My account***
09:35:38.288 [main] INFO  TestCases.TC3_loginDDT - ***clicked on Login button***
09:35:50.329 [main] INFO  TestCases.TC3_loginDDT - ***Finished TC3_loginDDT***
09:35:50.400 [main] INFO  TestCases.TC3_loginDDT - ***TC3_loginDDT test case started***
09:35:50.593 [main] INFO  TestCases.TC3_loginDDT - ***clicked on My account***
09:35:51.473 [main] INFO  TestCases.TC3_loginDDT - ***clicked on Login button***
09:36:03.496 [main] INFO  TestCases.TC3_loginDDT - ***Finished TC3_loginDDT***
09:36:03.527 [main] INFO  TestCases.TC3_loginDDT - ***TC3_loginDDT test case started***
09:36:03.775 [main] INFO  TestCases.TC3_loginDDT - ***clicked on My account***
09:36:04.344 [main] INFO  TestCases.TC3_loginDDT - ***clicked on Login button***
09:48:32.297 [main] DEBUG org.testng.TestNG - suiteXmlPath: "C:\Users\GANNAJI RAHUL\eclipse-workspace\TutorialsNinja\groups.xml"
09:48:33.605 [main] INFO  org.testng.internal.Utils - [TestNG] Running:
  C:\Users\GANNAJI RAHUL\eclipse-workspace\TutorialsNinja\groups.xml

09:49:18.899 [main] DEBUG org.testng.TestNG - suiteXmlPath: "C:\Users\GANNAJI RAHUL\eclipse-workspace\TutorialsNinja\groups.xml"
09:49:20.227 [main] INFO  org.testng.internal.Utils - [TestNG] Running:
  C:\Users\GANNAJI RAHUL\eclipse-workspace\TutorialsNinja\groups.xml

09:51:06.993 [main] DEBUG org.testng.TestNG - suiteXmlPath: "C:\Users\GANNAJI RAHUL\eclipse-workspace\TutorialsNinja\groups.xml"
09:51:08.349 [main] INFO  org.testng.internal.Utils - [TestNG] Running:
  C:\Users\GANNAJI RAHUL\eclipse-workspace\TutorialsNinja\groups.xml

09:52:45.872 [main] DEBUG org.testng.TestNG - suiteXmlPath: "C:\Users\GANNAJI RAHUL\eclipse-workspace\TutorialsNinja\groups.xml"
09:52:47.681 [main] INFO  org.testng.internal.Utils - [TestNG] Running:
  C:\Users\GANNAJI RAHUL\eclipse-workspace\TutorialsNinja\groups.xml

